
RAxML-NG v. 1.2.2-master released on 30.04.2024 by The Exelixis Lab.
Developed by: Alexey M. Kozlov and Alexandros Stamatakis.
Contributors: Diego Darriba, Tomas Flouri, Benoit Morel, Sarah Lutteropp, Ben Bettisworth, Julia Haag, Anastasis Togkousidis.
Latest version: https://github.com/amkozlov/raxml-ng
Questions/problems/suggestions? Please visit: https://groups.google.com/forum/#!forum/raxml

System: Apple M4 Pro, 14 cores, 24 GB RAM

RAxML-NG was called at 06-Jan-2026 21:11:19 as follows:

raxml-ng --msa aligned.16S.highacc.fasta.trimmed.fasta --model GTR+G  # GTR substitution model + Gamma rate heterogeneity

Analysis options:
  run mode: ML tree search
  start tree(s): random (10) + parsimony (10)
  random seed: 1767751879
  tip-inner: OFF
  pattern compression: ON
  per-rate scalers: OFF
  site repeats: ON
  logLH epsilon: general: 10.000000, brlen-triplet: 1000.000000
  fast spr radius: AUTO
  spr subtree cutoff: 1.000000
  fast CLV updates: ON
  branch lengths: proportional (ML estimate, algorithm: NR-FAST)
  SIMD kernels: SSE3
  parallelization: coarse-grained (auto), PTHREADS (auto)

[00:00:00] Reading alignment from file: aligned.16S.highacc.fasta.trimmed.fasta
[00:00:00] Loaded alignment with 24 taxa and 1323 sites

Alignment comprises 1 partitions and 724 patterns

Partition 0: noname
Model: GTR+FO+G4m
Alignment sites / patterns: 1323 / 724
Gaps: 14.18 %
Invariant sites: 38.62 %


NOTE: Binary MSA file created: aligned.16S.highacc.fasta.trimmed.fasta.raxml.rba

Parallelization scheme autoconfig: 14 worker(s) x 1 thread(s)

[00:00:00] Generating 10 random starting tree(s) with 24 taxa
[00:00:00] Generating 10 parsimony starting tree(s) with 24 taxa
Parallel parsimony with 14 threads
Parallel reduction/worker buffer size: 1 KB  / 0 KB

[00:00:00] Data distribution: max. partitions/sites/weight per thread: 1 / 724 / 11584
[00:00:00] Data distribution: max. searches per worker: 2

Starting ML tree search with 20 distinct starting trees

[00:00:00 -17185.215689] Initial branch length optimization
[00:00:00 -15476.616438] Model parameter optimization (eps = 10.000000)
[00:00:00 -14890.823544] AUTODETECT spr round 1 (radius: 5)
[00:00:00 -12933.984928] AUTODETECT spr round 2 (radius: 10)
[00:00:00 -12933.008997] AUTODETECT spr round 3 (radius: 15)
[00:00:00 -12932.747816] AUTODETECT spr round 4 (radius: 20)
[00:00:00 -12932.634895] SPR radius for FAST iterations: 20 (autodetect)
[00:00:00 -12932.634895] Model parameter optimization (eps = 3.000000)
[00:00:00 -12914.633356] FAST spr round 1 (radius: 20)
[00:00:00 -12828.936569] FAST spr round 2 (radius: 20)
[00:00:00 -12820.338781] Model parameter optimization (eps = 1.000000)
[00:00:00 -12819.847367] SLOW spr round 1 (radius: 5)
[00:00:01] [worker #10] ML tree search #11, logLikelihood: -12819.780442
[00:00:01 -12819.846600] SLOW spr round 2 (radius: 10)
[00:00:01] [worker #12] ML tree search #13, logLikelihood: -12819.779222
[00:00:01] [worker #11] ML tree search #12, logLikelihood: -12819.781231
[00:00:01] [worker #13] ML tree search #14, logLikelihood: -12819.778381
[00:00:01] [worker #4] ML tree search #5, logLikelihood: -12819.793391
[00:00:01 -12819.846556] SLOW spr round 3 (radius: 15)
[00:00:01 -12819.846545] SLOW spr round 4 (radius: 20)
[00:00:01] [worker #2] ML tree search #3, logLikelihood: -12819.780865
[00:00:01] [worker #7] ML tree search #8, logLikelihood: -12819.781226
[00:00:01 -12819.846542] Model parameter optimization (eps = 0.100000)
[00:00:01] [worker #6] ML tree search #7, logLikelihood: -12819.781201

[00:00:01] [worker #0] ML tree search #1, logLikelihood: -12819.784765

[00:00:01] [worker #3] ML tree search #4, logLikelihood: -12819.905069
[00:00:01] [worker #5] ML tree search #6, logLikelihood: -12819.786372
[00:00:01] [worker #8] ML tree search #9, logLikelihood: -12819.782730
[00:00:01 -14076.342075] Initial branch length optimization
[00:00:01 -13174.128580] Model parameter optimization (eps = 10.000000)
[00:00:01] [worker #9] ML tree search #10, logLikelihood: -12819.780875
[00:00:01] [worker #1] ML tree search #2, logLikelihood: -12819.784784
[00:00:01 -12834.020952] AUTODETECT spr round 1 (radius: 5)
[00:00:01 -12821.475885] AUTODETECT spr round 2 (radius: 10)
[00:00:01 -12820.557827] AUTODETECT spr round 3 (radius: 15)
[00:00:01 -12820.382032] AUTODETECT spr round 4 (radius: 20)
[00:00:01 -12820.316652] SPR radius for FAST iterations: 15 (autodetect)
[00:00:01 -12820.316652] Model parameter optimization (eps = 3.000000)
[00:00:01 -12819.952291] FAST spr round 1 (radius: 15)
[00:00:01 -12819.818304] Model parameter optimization (eps = 1.000000)
[00:00:01 -12819.785394] SLOW spr round 1 (radius: 5)
[00:00:02] [worker #4] ML tree search #19, logLikelihood: -12819.778414
[00:00:02 -12819.785204] SLOW spr round 2 (radius: 10)
[00:00:02] [worker #2] ML tree search #17, logLikelihood: -12819.778781
[00:00:02] [worker #5] ML tree search #20, logLikelihood: -12819.779115
[00:00:02] [worker #3] ML tree search #18, logLikelihood: -12819.778577
[00:00:02 -12819.785171] SLOW spr round 3 (radius: 15)
[00:00:02 -12819.785162] SLOW spr round 4 (radius: 20)
[00:00:02 -12819.785160] Model parameter optimization (eps = 0.100000)

[00:00:02] [worker #0] ML tree search #15, logLikelihood: -12819.778795

[00:00:02] [worker #1] ML tree search #16, logLikelihood: -12819.778892

Optimized model parameters:

   Partition 0: noname
   Rate heterogeneity: GAMMA (4 cats, mean),  alpha: 0.370069 (ML),  weights&rates: (0.250000,0.012644) (0.250000,0.159070) (0.250000,0.696749) (0.250000,3.131538) 
   Base frequencies (ML): 0.235497 0.232265 0.315199 0.217040 
   Substitution rates (ML): 0.836426 1.630372 1.169614 0.594812 2.911594 1.000000 


Final LogLikelihood: -12819.778381

AIC score: 25747.556761 / AICc score: 25752.241304 / BIC score: 26027.690248
Free parameters (model + branch lengths): 54

Best ML tree saved to: /Users/lennonj/GitHub/metabolake/data/aligned.16S.highacc.fasta.trimmed.fasta.raxml.bestTree
All ML trees saved to: /Users/lennonj/GitHub/metabolake/data/aligned.16S.highacc.fasta.trimmed.fasta.raxml.mlTrees
Optimized model saved to: /Users/lennonj/GitHub/metabolake/data/aligned.16S.highacc.fasta.trimmed.fasta.raxml.bestModel

Execution log saved to: /Users/lennonj/GitHub/metabolake/data/aligned.16S.highacc.fasta.trimmed.fasta.raxml.log

Analysis started: 06-Jan-2026 21:11:19 / finished: 06-Jan-2026 21:11:22

Elapsed time: 2.515 seconds

